<?xml version="1.0" encoding="UTF-8"?>
<!-- Generated by org.testng.reporters.JUnitXMLReporter -->
<testsuite hostname="Bingo" name="Command line test" tests="6" failures="0" timestamp="3 Mar 2019 12:16:46 GMT" time="0.056" errors="0">
  <testcase name="IOSApp" time="0.012" classname="qaclickacademy.AppiumTest"/>
  <testcase name="nativeAppAndroid" time="0.0" classname="qaclickacademy.AppiumTest"/>
  <testcase name="laptop" time="0.0" classname="qaclickacademy.RestapiTest"/>
  <testcase name="mobile" time="0.004" classname="qaclickacademy.RestapiTest"/>
  <testcase name="BrowserAutomation" time="0.0" classname="qaclickacademy.SeleniumTest"/>
  <testcase name="ElementsUI" time="0.0" classname="qaclickacademy.SeleniumTest"/>
</testsuite> <!-- Command line test -->
