<?xml version="1.0" encoding="UTF-8"?>
<!-- Generated by org.testng.reporters.JUnitXMLReporter -->
<testsuite hostname="Bingo" failures="0" tests="4" name="Test" time="0.047" errors="0" timestamp="27 Jan 2019 11:43:54 GMT">
  <testcase classname="qaclickacademy.RestapiTest" name="laptop" time="0.016"/>
  <testcase classname="qaclickacademy.RestapiTest" name="mobile" time="0.0"/>
  <testcase classname="qaclickacademy.SeleniumTest" name="BrowserAutomation" time="0.0"/>
  <testcase classname="qaclickacademy.SeleniumTest" name="ElementsUI" time="0.0"/>
</testsuite> <!-- Test -->
