<?xml version="1.0" encoding="UTF-8"?>
<testng-results skipped="0" failed="0" total="6" passed="6">
  <reporter-output>
  </reporter-output>
  <suite name="Command line suite" duration-ms="56" started-at="2019-03-03T12:16:46Z" finished-at="2019-03-03T12:16:46Z">
    <groups>
    </groups>
    <test name="Command line test" duration-ms="56" started-at="2019-03-03T12:16:46Z" finished-at="2019-03-03T12:16:46Z">
      <class name="qaclickacademy.AppiumTest">
        <test-method status="PASS" signature="IOSApp()[pri:0, instance:qaclickacademy.AppiumTest@77b52d12]" name="IOSApp" duration-ms="12" started-at="2019-03-03T17:46:46Z" finished-at="2019-03-03T17:46:46Z">
          <reporter-output>
          </reporter-output>
        </test-method> <!-- IOSApp -->
        <test-method status="PASS" signature="nativeAppAndroid()[pri:0, instance:qaclickacademy.AppiumTest@77b52d12]" name="nativeAppAndroid" duration-ms="0" started-at="2019-03-03T17:46:46Z" finished-at="2019-03-03T17:46:46Z">
          <reporter-output>
          </reporter-output>
        </test-method> <!-- nativeAppAndroid -->
      </class> <!-- qaclickacademy.AppiumTest -->
      <class name="qaclickacademy.RestapiTest">
        <test-method status="PASS" signature="laptop()[pri:0, instance:qaclickacademy.RestapiTest@6be46e8f]" name="laptop" duration-ms="0" started-at="2019-03-03T17:46:46Z" finished-at="2019-03-03T17:46:46Z">
          <reporter-output>
          </reporter-output>
        </test-method> <!-- laptop -->
        <test-method status="PASS" signature="mobile()[pri:0, instance:qaclickacademy.RestapiTest@6be46e8f]" name="mobile" duration-ms="4" started-at="2019-03-03T17:46:46Z" finished-at="2019-03-03T17:46:46Z">
          <reporter-output>
          </reporter-output>
        </test-method> <!-- mobile -->
      </class> <!-- qaclickacademy.RestapiTest -->
      <class name="qaclickacademy.SeleniumTest">
        <test-method status="PASS" signature="BrowserAutomation()[pri:0, instance:qaclickacademy.SeleniumTest@3567135c]" name="BrowserAutomation" duration-ms="0" started-at="2019-03-03T17:46:46Z" finished-at="2019-03-03T17:46:46Z">
          <reporter-output>
          </reporter-output>
        </test-method> <!-- BrowserAutomation -->
        <test-method status="PASS" signature="ElementsUI()[pri:0, instance:qaclickacademy.SeleniumTest@3567135c]" name="ElementsUI" duration-ms="0" started-at="2019-03-03T17:46:46Z" finished-at="2019-03-03T17:46:46Z">
          <reporter-output>
          </reporter-output>
        </test-method> <!-- ElementsUI -->
      </class> <!-- qaclickacademy.SeleniumTest -->
    </test> <!-- Command line test -->
  </suite> <!-- Command line suite -->
</testng-results>
