<?xml version="1.0" encoding="UTF-8"?>
<testng-results skipped="0" failed="0" ignored="0" total="2" passed="2">
  <reporter-output>
  </reporter-output>
  <suite name="Default suite" duration-ms="176" started-at="2019-02-24T09:42:58Z" finished-at="2019-02-24T09:42:58Z">
    <groups>
    </groups>
    <test name="Default test" duration-ms="176" started-at="2019-02-24T09:42:58Z" finished-at="2019-02-24T09:42:58Z">
      <class name="qaclickacademy.AppiumTest">
        <test-method status="PASS" signature="IOSApp()[pri:0, instance:qaclickacademy.AppiumTest@13deb50e]" name="IOSApp" duration-ms="32" started-at="2019-02-24T09:42:58Z" finished-at="2019-02-24T09:42:58Z">
          <reporter-output>
          </reporter-output>
        </test-method> <!-- IOSApp -->
        <test-method status="PASS" signature="nativeAppAndroid()[pri:0, instance:qaclickacademy.AppiumTest@13deb50e]" name="nativeAppAndroid" duration-ms="0" started-at="2019-02-24T09:42:58Z" finished-at="2019-02-24T09:42:58Z">
          <reporter-output>
          </reporter-output>
        </test-method> <!-- nativeAppAndroid -->
      </class> <!-- qaclickacademy.AppiumTest -->
    </test> <!-- Default test -->
  </suite> <!-- Default suite -->
</testng-results>
